global_palette.h
global_palette.c
logo.h
logo.c
palm_leaf.h
palm_leaf.c
palm_leaf_right.h
palm_leaf_right.c
egg.h
egg.c
egg_shadow.h
egg_shadow.c
arrows_cse.h
arrows_cse.c
little_guy_cse.h
little_guy_cse.c
arrows_oldschool.h
arrows_oldschool.c
little_guy_oldschool.h
little_guy_oldschool.c
arrows_modern.h
arrows_modern.c
little_guy_modern.h
little_guy_modern.c
icon_modern.h
icon_modern.c
icon_cse.h
icon_cse.c
icon_oldschool.h
icon_oldschool.c
tiles_cse.h
tiles_cse.c
tiles_oldschool.h
tiles_oldschool.c
tiles_modern.h
tiles_modern.c
gfx.h
